Unity Editor version:    2020.3.18f1 (a7d1c678663c)
Branch:                  2020.3/staging
Build type:              Release
Batch mode:              YES
macOS version:           Version 11.6 (Build 20G165)
Darwin version:          20.6.0
Architecture:            x86_64
Running under Rosetta:   YES
Available memory:        8192 MB
Using pre-set license
Pro License: NO

COMMAND LINE ARGUMENTS:
/Applications/Unity/Hub/Editor/2020.3.18f1/Unity.app/Contents/MacOS/Unity
-adb2
-batchMode
-noUpm
-name
AssetImportWorker0
-projectPath
/Users/georgliljenberghalstrom/New Unity Project (1)
-logFile
Logs/AssetImportWorker0.log
-srvPort
49432
Successfully changed project path to: /Users/georgliljenberghalstrom/New Unity Project (1)
/Users/georgliljenberghalstrom/New Unity Project (1)
Using Asset Import Pipeline V2.
Refreshing native plugins compatible for Editor in 54.48 ms, found 3 plugins.
Preloading 0 native plugins for Editor in 0.00 ms.
Initialize engine version: 2020.3.18f1 (a7d1c678663c)
[Subsystems] Discovering subsystems at path /Applications/Unity/Hub/Editor/2020.3.18f1/Unity.app/Contents/Resources/UnitySubsystems
[Subsystems] Discovering subsystems at path /Users/georgliljenberghalstrom/New Unity Project (1)/Assets
GfxDevice: creating device client; threaded=0
2021-09-30 09:27:23.700 Unity[905:19225] (null) preferred device: Apple M1 (high power)
2021-09-30 09:27:23.700 Unity[905:19225] Metal devices available: 1
2021-09-30 09:27:23.700 Unity[905:19225] 0: Apple M1 (high power)
2021-09-30 09:27:23.700 Unity[905:19225] Using device Apple M1 (high power)
Initializing Metal device caps: Apple M1
Initialize mono
Mono path[0] = '/Applications/Unity/Hub/Editor/2020.3.18f1/Unity.app/Contents/Managed'
Mono path[1] = '/Applications/Unity/Hub/Editor/2020.3.18f1/Unity.app/Contents/MonoBleedingEdge/lib/mono/unityjit'
Mono config path = '/Applications/Unity/Hub/Editor/2020.3.18f1/Unity.app/Contents/MonoBleedingEdge/etc'
Using monoOptions --debugger-agent=transport=dt_socket,embedding=1,server=y,suspend=n,address=127.0.0.1:56905
Begin MonoManager ReloadAssembly
Registering precompiled unity dll's ...
Register platform support module: /Applications/Unity/Hub/Editor/2020.3.18f1/PlaybackEngines/WebGLSupport/UnityEditor.WebGL.Extensions.dll
Register platform support module: /Applications/Unity/Hub/Editor/2020.3.18f1/Unity.app/Contents/PlaybackEngines/MacStandaloneSupport/UnityEditor.OSXStandalone.Extensions.dll
Registered in 0.001649 seconds.
Native extension for OSXStandalone target not found
Native extension for WebGL target not found
Refreshing native plugins compatible for Editor in 50.63 ms, found 3 plugins.
Preloading 0 native plugins for Editor in 0.00 ms.
Mono: successfully reloaded assembly
- Completed reload, in  1.728 seconds
Domain Reload Profiling:
	ReloadAssembly (1728ms)
		BeginReloadAssembly (82ms)
			ExecutionOrderSort (0ms)
			DisableScriptedObjects (0ms)
			BackupInstance (0ms)
			ReleaseScriptingObjects (0ms)
			CreateAndSetChildDomain (3ms)
		EndReloadAssembly (859ms)
			LoadAssemblies (79ms)
			RebuildTransferFunctionScriptingTraits (0ms)
			SetupTypeCache (183ms)
			ReleaseScriptCaches (0ms)
			RebuildScriptCaches (44ms)
			SetupLoadedEditorAssemblies (487ms)
				LogAssemblyErrors (0ms)
				InitializePlatformSupportModulesInManaged (12ms)
				SetLoadedEditorAssemblies (0ms)
				RefreshPlugins (51ms)
				BeforeProcessingInitializeOnLoad (29ms)
				ProcessInitializeOnLoadAttributes (303ms)
				ProcessInitializeOnLoadMethodAttributes (91ms)
				AfterProcessingInitializeOnLoad (0ms)
				EditorAssembliesLoaded (1ms)
			ExecutionOrderSort2 (0ms)
			AwakeInstancesAfterBackupRestoration (0ms)
Platform modules already initialized, skipping
Registering precompiled user dll's ...
Registered in 0.004580 seconds.
Begin MonoManager ReloadAssembly
Native extension for OSXStandalone target not found
Native extension for WebGL target not found
Refreshing native plugins compatible for Editor in 49.83 ms, found 3 plugins.
Preloading 0 native plugins for Editor in 0.00 ms.
Can't find custom attr constructor image: /Users/georgliljenberghalstrom/New Unity Project (1)/Library/PackageCache/com.unity.ads@3.4.4/Editor/UnityEditor.Advertisements.dll mtoken: 0x0a00000f due to:  assembly:/Applications/Unity/Hub/Editor/2020.3.18f1/Unity.app/Contents/Managed/UnityEngine/UnityEngine.CoreModule.dll type:UnityAPICompatibilityVersionAttribute member:void {0}(string,string[]) signature:.ctor
Mono: successfully reloaded assembly
- Completed reload, in  2.249 seconds
Domain Reload Profiling:
	ReloadAssembly (2251ms)
		BeginReloadAssembly (251ms)
			ExecutionOrderSort (0ms)
			DisableScriptedObjects (28ms)
			BackupInstance (0ms)
			ReleaseScriptingObjects (0ms)
			CreateAndSetChildDomain (40ms)
		EndReloadAssembly (1906ms)
			LoadAssemblies (178ms)
			RebuildTransferFunctionScriptingTraits (0ms)
			SetupTypeCache (358ms)
			ReleaseScriptCaches (1ms)
			RebuildScriptCaches (65ms)
			SetupLoadedEditorAssemblies (1020ms)
				LogAssemblyErrors (0ms)
				InitializePlatformSupportModulesInManaged (13ms)
				SetLoadedEditorAssemblies (0ms)
				RefreshPlugins (50ms)
				BeforeProcessingInitializeOnLoad (119ms)
				ProcessInitializeOnLoadAttributes (797ms)
				ProcessInitializeOnLoadMethodAttributes (39ms)
				AfterProcessingInitializeOnLoad (1ms)
				EditorAssembliesLoaded (0ms)
			ExecutionOrderSort2 (0ms)
			AwakeInstancesAfterBackupRestoration (31ms)
Platform modules already initialized, skipping
Validating Project structure ... 0.005343 seconds.
Shader import version has changed; will reimport all shaders...
Upgrading shader files ...0.007477 seconds.
Application.AssetDatabase Initial Script Refresh Start
RefreshInfo: InitialScriptRefreshV2(NoUpdateAssetOptions) scanfilter:  ... 1 filters
RefreshProfiler: Total: 0.000ms
Application.AssetDatabase Initial Script Refresh End
Application.AssetDatabase.Refresh Start
Application.AssetDatabase.Refresh End
RefreshInfo: StopAssetImportingV2(ForceSynchronousImport) scanfilter: 
RefreshProfiler: Total: 0.000ms
Launching external process: /Applications/Unity/Hub/Editor/2020.3.18f1/Unity.app/Contents/Tools/UnityShaderCompiler
Launched and connected shader compiler UnityShaderCompiler after 0.03 seconds
Initializing Unity extensions:
Can't find custom attr constructor image: /Users/georgliljenberghalstrom/New Unity Project (1)/Library/PackageCache/com.unity.ads@3.4.4/Editor/UnityEditor.Advertisements.dll mtoken: 0x0a00000f due to:  assembly:/Applications/Unity/Hub/Editor/2020.3.18f1/Unity.app/Contents/Managed/UnityEngine/UnityEngine.CoreModule.dll type:UnityAPICompatibilityVersionAttribute member:void {0}(string,string[]) signature:.ctor
========================================================================
Worker process is ready to serve import requests
Refreshing native plugins compatible for Editor in 0.42 ms, found 3 plugins.
Preloading 0 native plugins for Editor in 0.00 ms.
Unloading 2558 Unused Serialized files (Serialized files now loaded: 0)
System memory in use before: 210.6 MB.
System memory in use after: 209.9 MB.

Unloading 189 unused Assets to reduce memory usage. Loaded Objects now: 3014.
Total: 3.947750 ms (FindLiveObjects: 0.147583 ms CreateObjectMapping: 0.052292 ms MarkObjects: 3.316959 ms  DeleteObjects: 0.429875 ms)

AssetImportParameters requested are different than current active one (requested -> active):
  custom:video-decoder-ogg-theora: a1e56fd34408186e4bbccfd4996cb3dc -> 
  custom:container-muxer-webm: aa71ff27fc2769a1b78a27578f13a17b -> 
  custom:container-demuxer-webm: 4f35f7cbe854078d1ac9338744f61a02 -> 
  custom:container-demuxer-ogg: 62fdf1f143b41e24485cea50d1cbac27 -> 
  custom:video-encoder-webm-vp8: eb34c28f22e8b96e1ab97ce403110664 -> 
  custom:framework-osx-AVFoundation: e770b220cccbd017edd2c1fefb359320 -> 
  custom:video-decoder-webm-vp8: 9c59270c3fd7afecdb556c50c9e8de78 -> 
  custom:audio-decoder-ogg-vorbis: bf7c407c2cedff20999df2af8eb42d56 -> 
  custom:audio-encoder-webm-vorbis: bf7c407c2cedff20999df2af8eb42d56 -> 
========================================================================
Received Import Request.
  path: Assets/Beautiful Interface/Demo
  artifactKey: Guid(2f47a95edcc26e64f99cc1415c86ea46) Importer(815301076,1909f56bfc062723c751e8b465ee728b)
Start importing Assets/Beautiful Interface/Demo using Guid(2f47a95edcc26e64f99cc1415c86ea46) Importer(815301076,1909f56bfc062723c751e8b465ee728b)  -> (artifact id: 'e31bcbd0faac4f3fa398ae72674fd19a') in 0.007664 seconds 
  Import took 0.010948 seconds .

========================================================================
Received Import Request.
  Time since last request: 0.001670 seconds.
  path: Assets/Beautiful Interface/Demo/Images
  artifactKey: Guid(f54cac2672503884c9c45a02b15c7364) Importer(815301076,1909f56bfc062723c751e8b465ee728b)
Start importing Assets/Beautiful Interface/Demo/Images using Guid(f54cac2672503884c9c45a02b15c7364) Importer(815301076,1909f56bfc062723c751e8b465ee728b)  -> (artifact id: 'b8a82cceaf055b070abd6972c1e55378') in 0.000709 seconds 
  Import took 0.002916 seconds .

========================================================================
Received Import Request.
  Time since last request: 0.000188 seconds.
  path: Assets/Beautiful Interface/Demo/Images/Skies
  artifactKey: Guid(694fd531eb257884088051b7fc2c5658) Importer(815301076,1909f56bfc062723c751e8b465ee728b)
Start importing Assets/Beautiful Interface/Demo/Images/Skies using Guid(694fd531eb257884088051b7fc2c5658) Importer(815301076,1909f56bfc062723c751e8b465ee728b)  -> (artifact id: 'd2ec845f8cf0da29f5e3234def2b600a') in 0.000716 seconds 
  Import took 0.003186 seconds .

========================================================================
Received Import Request.
  Time since last request: 0.000268 seconds.
  path: Assets/Beautiful Interface/Demo/Images/Skies/level7.png
  artifactKey: Guid(13968a0904f9f094097045e0d2554977) Importer(815301076,1909f56bfc062723c751e8b465ee728b)
Start importing Assets/Beautiful Interface/Demo/Images/Skies/level7.png using Guid(13968a0904f9f094097045e0d2554977) Importer(815301076,1909f56bfc062723c751e8b465ee728b)  -> (artifact id: '10a495855ebc62cf7f61e19cd994cc23') in 0.833374 seconds 
  Import took 0.836679 seconds .

========================================================================
Received Import Request.
  Time since last request: 0.002519 seconds.
  path: Assets/Beautiful Interface/Demo/Images/Skies/level1.png
  artifactKey: Guid(59f1619122cbbe74da863dd8fe67ce40) Importer(815301076,1909f56bfc062723c751e8b465ee728b)
Start importing Assets/Beautiful Interface/Demo/Images/Skies/level1.png using Guid(59f1619122cbbe74da863dd8fe67ce40) Importer(815301076,1909f56bfc062723c751e8b465ee728b)  -> (artifact id: 'deac0d925dc2dbcf7efb8a2fac7d62fd') in 0.016045 seconds 
  Import took 0.018998 seconds .

========================================================================
Received Import Request.
  Time since last request: 0.000277 seconds.
  path: Assets/Beautiful Interface/Demo/Images/Skies/Clear Skies.png
  artifactKey: Guid(3129bf01a09b9b94085360c3743171a0) Importer(815301076,1909f56bfc062723c751e8b465ee728b)
Start importing Assets/Beautiful Interface/Demo/Images/Skies/Clear Skies.png using Guid(3129bf01a09b9b94085360c3743171a0) Importer(815301076,1909f56bfc062723c751e8b465ee728b)  -> (artifact id: '0244ba1df432ec0961ea2f3007530c95') in 0.012204 seconds 
  Import took 0.015288 seconds .

========================================================================
Received Import Request.
  Time since last request: 0.000233 seconds.
  path: Assets/Beautiful Interface/Demo/Images/Skies/Turbulence.png
  artifactKey: Guid(448daa98b8bb0d840b7a564c7288bd89) Importer(815301076,1909f56bfc062723c751e8b465ee728b)
Start importing Assets/Beautiful Interface/Demo/Images/Skies/Turbulence.png using Guid(448daa98b8bb0d840b7a564c7288bd89) Importer(815301076,1909f56bfc062723c751e8b465ee728b)  -> (artifact id: 'd9777ffa5a5792860cceebc9cf8430ef') in 0.014388 seconds 
  Import took 0.017167 seconds .

========================================================================
Received Import Request.
  Time since last request: 0.000320 seconds.
  path: Assets/Beautiful Interface/Demo/Images/Skies/Game2.png
  artifactKey: Guid(b3fea51a6c86e1b4881c5ab21257efe8) Importer(815301076,1909f56bfc062723c751e8b465ee728b)
Start importing Assets/Beautiful Interface/Demo/Images/Skies/Game2.png using Guid(b3fea51a6c86e1b4881c5ab21257efe8) Importer(815301076,1909f56bfc062723c751e8b465ee728b)  -> (artifact id: '02cdf71877f774730765d8358cfc76b3') in 0.011384 seconds 
  Import took 0.014078 seconds .

========================================================================
Received Import Request.
  Time since last request: 0.000233 seconds.
  path: Assets/Beautiful Interface/Demo/Images/Skies/level3.png
  artifactKey: Guid(6592a4b31cddfae49b54a83b0a92aada) Importer(815301076,1909f56bfc062723c751e8b465ee728b)
Start importing Assets/Beautiful Interface/Demo/Images/Skies/level3.png using Guid(6592a4b31cddfae49b54a83b0a92aada) Importer(815301076,1909f56bfc062723c751e8b465ee728b)  -> (artifact id: 'ae98c6377eb6a6032f00b78e7e5e4a0b') in 0.015610 seconds 
  Import took 0.018345 seconds .

========================================================================
Received Import Request.
  Time since last request: 0.000263 seconds.
  path: Assets/Beautiful Interface
  artifactKey: Guid(ec8c85735e01049ffa388ea6a958d6a0) Importer(815301076,1909f56bfc062723c751e8b465ee728b)
Start importing Assets/Beautiful Interface using Guid(ec8c85735e01049ffa388ea6a958d6a0) Importer(815301076,1909f56bfc062723c751e8b465ee728b)  -> (artifact id: 'db3bdebb6fdcf15acbf276844f362f6d') in 0.000436 seconds 
  Import took 0.002540 seconds .

========================================================================
Received Import Request.
  Time since last request: 0.000240 seconds.
  path: Assets/Beautiful Interface/Demo/Images/Skies/Sunset.png
  artifactKey: Guid(30567faafb3845c4bb0c85c46a04596d) Importer(815301076,1909f56bfc062723c751e8b465ee728b)
Start importing Assets/Beautiful Interface/Demo/Images/Skies/Sunset.png using Guid(30567faafb3845c4bb0c85c46a04596d) Importer(815301076,1909f56bfc062723c751e8b465ee728b)  -> (artifact id: '9be80645a250e03811c6427d43f01172') in 0.010415 seconds 
  Import took 0.013007 seconds .

========================================================================
Received Import Request.
  Time since last request: 0.000268 seconds.
  path: Assets/Beautiful Interface/Demo/Images/Skies/Game1.png
  artifactKey: Guid(d7f9eceb66fcc374795ee8a6cb4bfbb8) Importer(815301076,1909f56bfc062723c751e8b465ee728b)
Start importing Assets/Beautiful Interface/Demo/Images/Skies/Game1.png using Guid(d7f9eceb66fcc374795ee8a6cb4bfbb8) Importer(815301076,1909f56bfc062723c751e8b465ee728b)  -> (artifact id: '33304a841940960a2f7955cc1400bf06') in 0.014368 seconds 
  Import took 0.017032 seconds .

========================================================================
Received Import Request.
  Time since last request: 0.000269 seconds.
  path: Assets/Beautiful Interface/Demo/Images/Skies/level2.png
  artifactKey: Guid(5d50e5f00f185f843a0f957aace4309f) Importer(815301076,1909f56bfc062723c751e8b465ee728b)
Start importing Assets/Beautiful Interface/Demo/Images/Skies/level2.png using Guid(5d50e5f00f185f843a0f957aace4309f) Importer(815301076,1909f56bfc062723c751e8b465ee728b)  -> (artifact id: '63d5fa0380a06a5a622a89f528f6f9b9') in 0.016318 seconds 
  Import took 0.019001 seconds .

========================================================================
Received Import Request.
  Time since last request: 0.000274 seconds.
  path: Assets/Beautiful Interface/Demo/Images/Vignette.png
  artifactKey: Guid(eb142cc7cb80a1742b82fda1a74934e3) Importer(815301076,1909f56bfc062723c751e8b465ee728b)
Start importing Assets/Beautiful Interface/Demo/Images/Vignette.png using Guid(eb142cc7cb80a1742b82fda1a74934e3) Importer(815301076,1909f56bfc062723c751e8b465ee728b)  -> (artifact id: 'a666068e64769cc09d2f48cb675a24ac') in 0.016389 seconds 
  Import took 0.019162 seconds .

========================================================================
Received Import Request.
  Time since last request: 0.000273 seconds.
  path: Assets/Beautiful Interface/Demo/Images/Skies/Pink Sky.png
  artifactKey: Guid(041fea0726d106044b838d63c95892de) Importer(815301076,1909f56bfc062723c751e8b465ee728b)
Start importing Assets/Beautiful Interface/Demo/Images/Skies/Pink Sky.png using Guid(041fea0726d106044b838d63c95892de) Importer(815301076,1909f56bfc062723c751e8b465ee728b)  -> (artifact id: '8b9e7f83e01c7950fc9c82cbacc9bd4b') in 0.011891 seconds 
  Import took 0.014622 seconds .

========================================================================
Received Import Request.
  Time since last request: 0.008148 seconds.
  path: Assets/Beautiful Interface/Demo/Images/Skies/Pink Sky.png
  artifactKey: Guid(041fea0726d106044b838d63c95892de) Importer(815301076,1909f56bfc062723c751e8b465ee728b)
Start importing Assets/Beautiful Interface/Demo/Images/Skies/Pink Sky.png using Guid(041fea0726d106044b838d63c95892de) Importer(815301076,1909f56bfc062723c751e8b465ee728b)  -> (artifact id: '8b9e7f83e01c7950fc9c82cbacc9bd4b') in 0.011339 seconds 
  Import took 0.014576 seconds .

========================================================================
Received Import Request.
  Time since last request: 2.880655 seconds.
  path: Assets/Beautiful Interface/Demo/Scenes
  artifactKey: Guid(3ec302eceb959824498e8d7259f1d2da) Importer(815301076,1909f56bfc062723c751e8b465ee728b)
Start importing Assets/Beautiful Interface/Demo/Scenes using Guid(3ec302eceb959824498e8d7259f1d2da) Importer(815301076,1909f56bfc062723c751e8b465ee728b)  -> (artifact id: '8e4d95a143a6be086bf1d3653b932766') in 0.001624 seconds 
  Import took 0.007286 seconds .

========================================================================
Received Import Request.
  Time since last request: 1.270333 seconds.
  path: Assets/Beautiful Interface/Demo/Scripts
  artifactKey: Guid(c29121f7e1ae25f4c930737ca24b0fe0) Importer(815301076,1909f56bfc062723c751e8b465ee728b)
Start importing Assets/Beautiful Interface/Demo/Scripts using Guid(c29121f7e1ae25f4c930737ca24b0fe0) Importer(815301076,1909f56bfc062723c751e8b465ee728b)  -> (artifact id: '66d99cbf1dc2f8e08bdeed05345eda25') in 0.001000 seconds 
  Import took 0.005844 seconds .

========================================================================
Received Import Request.
  Time since last request: 7.000431 seconds.
  path: Assets/Beautiful Interface/Elements
  artifactKey: Guid(37050d96700416c41bef10d82b5a54ff) Importer(815301076,1909f56bfc062723c751e8b465ee728b)
Start importing Assets/Beautiful Interface/Elements using Guid(37050d96700416c41bef10d82b5a54ff) Importer(815301076,1909f56bfc062723c751e8b465ee728b)  -> (artifact id: '37a7ca933662b8cd20d2659dc45abec8') in 0.001450 seconds 
  Import took 0.007318 seconds .

========================================================================
Received Import Request.
  Time since last request: 0.764541 seconds.
  path: Assets/Beautiful Interface/Tweens
  artifactKey: Guid(c608ff79e753f054e837d7cc7f65b04f) Importer(815301076,1909f56bfc062723c751e8b465ee728b)
Start importing Assets/Beautiful Interface/Tweens using Guid(c608ff79e753f054e837d7cc7f65b04f) Importer(815301076,1909f56bfc062723c751e8b465ee728b)  -> (artifact id: '4d61eff9d661e1e7c6667b952a5b56f5') in 0.001678 seconds 
  Import took 0.005654 seconds .

========================================================================
Received Import Request.
  Time since last request: 7.653424 seconds.
  path: Assets/Beautiful Interface/Elements/Scripts
  artifactKey: Guid(f315075dd73820d47bb03d414055ee62) Importer(815301076,1909f56bfc062723c751e8b465ee728b)
Start importing Assets/Beautiful Interface/Elements/Scripts using Guid(f315075dd73820d47bb03d414055ee62) Importer(815301076,1909f56bfc062723c751e8b465ee728b)  -> (artifact id: 'ca6f743dbdfc4c1ee1d9edd714bca850') in 0.001217 seconds 
  Import took 0.006601 seconds .

========================================================================
Received Import Request.
  Time since last request: 7.029071 seconds.
  path: Assets/Beautiful Interface/Elements/Prefabs
  artifactKey: Guid(bc3699c8cda32034bb09b1e7475f92a8) Importer(815301076,1909f56bfc062723c751e8b465ee728b)
Start importing Assets/Beautiful Interface/Elements/Prefabs using Guid(bc3699c8cda32034bb09b1e7475f92a8) Importer(815301076,1909f56bfc062723c751e8b465ee728b)  -> (artifact id: 'f7103cfddc9b376eae7328bbd8b6d5e3') in 0.001747 seconds 
  Import took 0.007188 seconds .

========================================================================
Received Import Request.
  Time since last request: 1.477758 seconds.
  path: Assets/Beautiful Interface/Elements/Prefabs/Buttons
  artifactKey: Guid(c0505998c330e114eada3063eff3b3ec) Importer(815301076,1909f56bfc062723c751e8b465ee728b)
Start importing Assets/Beautiful Interface/Elements/Prefabs/Buttons using Guid(c0505998c330e114eada3063eff3b3ec) Importer(815301076,1909f56bfc062723c751e8b465ee728b)  -> (artifact id: '39d86a6900f6655c23da5fc8d6fc6079') in 0.001099 seconds 
  Import took 0.006386 seconds .

========================================================================
Received Import Request.
  Time since last request: 0.109927 seconds.
  path: Assets/Beautiful Interface/Elements/Prefabs/Buttons/ButtonIcon.prefab
  artifactKey: Guid(ecd9e239550fb934197168db93a34d85) Importer(815301076,1909f56bfc062723c751e8b465ee728b)
Start importing Assets/Beautiful Interface/Elements/Prefabs/Buttons/ButtonIcon.prefab using Guid(ecd9e239550fb934197168db93a34d85) Importer(815301076,1909f56bfc062723c751e8b465ee728b)  -> (artifact id: '38defdbc5f09e7f4fdf93724fd8b4f48') in 0.614533 seconds 
  Import took 0.619374 seconds .

========================================================================
Received Import Request.
  Time since last request: 0.004005 seconds.
  path: Assets/Beautiful Interface/Elements/Prefabs/Buttons/ButtonIconOutline.prefab
  artifactKey: Guid(e612a1bd557a16d458a48d64e6bef7a0) Importer(815301076,1909f56bfc062723c751e8b465ee728b)
Start importing Assets/Beautiful Interface/Elements/Prefabs/Buttons/ButtonIconOutline.prefab using Guid(e612a1bd557a16d458a48d64e6bef7a0) Importer(815301076,1909f56bfc062723c751e8b465ee728b)  -> (artifact id: '00197402c02da77e75ca7e0a02859c52') in 0.005021 seconds 
  Import took 0.008342 seconds .

========================================================================
Received Import Request.
  Time since last request: 0.000183 seconds.
  path: Assets/Beautiful Interface/Elements/Prefabs/Buttons/ButtonIconSlider.prefab
  artifactKey: Guid(d64430746f4687c4aa1d21173052e4f1) Importer(815301076,1909f56bfc062723c751e8b465ee728b)
Start importing Assets/Beautiful Interface/Elements/Prefabs/Buttons/ButtonIconSlider.prefab using Guid(d64430746f4687c4aa1d21173052e4f1) Importer(815301076,1909f56bfc062723c751e8b465ee728b)  -> (artifact id: '197ac82817d43c244e00b2bc70c518c6') in 0.012694 seconds 
  Import took 0.016004 seconds .

========================================================================
Received Import Request.
  Time since last request: 0.000235 seconds.
  path: Assets/Beautiful Interface/Elements/Prefabs/Buttons/ButtonSimple.prefab
  artifactKey: Guid(0c517fd498bfaef489b1a6fa9141f5d2) Importer(815301076,1909f56bfc062723c751e8b465ee728b)
Start importing Assets/Beautiful Interface/Elements/Prefabs/Buttons/ButtonSimple.prefab using Guid(0c517fd498bfaef489b1a6fa9141f5d2) Importer(815301076,1909f56bfc062723c751e8b465ee728b)  -> (artifact id: 'f2aa85b752a1928c3a3b4a765d99547f') in 0.002303 seconds 
  Import took 0.005207 seconds .

========================================================================
Received Import Request.
  Time since last request: 0.000322 seconds.
  path: Assets/Beautiful Interface/Elements/Prefabs/Buttons/ButtonOutline.prefab
  artifactKey: Guid(e21459a792c4b8140bf9e5f9e7eabb0b) Importer(815301076,1909f56bfc062723c751e8b465ee728b)
Start importing Assets/Beautiful Interface/Elements/Prefabs/Buttons/ButtonOutline.prefab using Guid(e21459a792c4b8140bf9e5f9e7eabb0b) Importer(815301076,1909f56bfc062723c751e8b465ee728b)  -> (artifact id: '9fd9b576fc15b676baa060db709f28ab') in 0.001832 seconds 
  Import took 0.004531 seconds .

========================================================================
Received Import Request.
  Time since last request: 0.000309 seconds.
  path: Assets/Beautiful Interface/Elements/Prefabs/Buttons/ButtonIconHighlight.prefab
  artifactKey: Guid(b6b27f3521e716b44b02fedce84ff675) Importer(815301076,1909f56bfc062723c751e8b465ee728b)
Start importing Assets/Beautiful Interface/Elements/Prefabs/Buttons/ButtonIconHighlight.prefab using Guid(b6b27f3521e716b44b02fedce84ff675) Importer(815301076,1909f56bfc062723c751e8b465ee728b)  -> (artifact id: 'a54dbf05a1974f3e332184377da8a922') in 0.001982 seconds 
  Import took 0.004659 seconds .

========================================================================
Received Import Request.
  Time since last request: 6.075727 seconds.
  path: Assets/Beautiful Interface/Elements/Prefabs/Toggle
  artifactKey: Guid(fc4ce6e0ade1f084f99210c7e7a39c12) Importer(815301076,1909f56bfc062723c751e8b465ee728b)
Start importing Assets/Beautiful Interface/Elements/Prefabs/Toggle using Guid(fc4ce6e0ade1f084f99210c7e7a39c12) Importer(815301076,1909f56bfc062723c751e8b465ee728b)  -> (artifact id: '19f76e0fa094b598012161456a2cebf0') in 0.001114 seconds 
  Import took 0.005626 seconds .

========================================================================
Received Import Request.
  Time since last request: 0.081400 seconds.
  path: Assets/Beautiful Interface/Elements/Prefabs/Toggle/Simple.prefab
  artifactKey: Guid(65eff908e592aad4992f3a252625112a) Importer(815301076,1909f56bfc062723c751e8b465ee728b)
Start importing Assets/Beautiful Interface/Elements/Prefabs/Toggle/Simple.prefab using Guid(65eff908e592aad4992f3a252625112a) Importer(815301076,1909f56bfc062723c751e8b465ee728b)  -> (artifact id: '78e61a3a79cb8afa2d4198905e7a03b1') in 0.009074 seconds 
  Import took 0.012715 seconds .

========================================================================
Received Import Request.
  Time since last request: 0.000234 seconds.
  path: Assets/Beautiful Interface/Elements/Prefabs/Toggle/Switch.prefab
  artifactKey: Guid(96314c121b893ac48a7f4bb3c6e52b7e) Importer(815301076,1909f56bfc062723c751e8b465ee728b)
Start importing Assets/Beautiful Interface/Elements/Prefabs/Toggle/Switch.prefab using Guid(96314c121b893ac48a7f4bb3c6e52b7e) Importer(815301076,1909f56bfc062723c751e8b465ee728b)  -> (artifact id: '336fab184e7d2a09c7360ca91328a365') in 0.003598 seconds 
  Import took 0.006790 seconds .

========================================================================
Received Import Request.
  Time since last request: 2.951394 seconds.
  path: Assets/Beautiful Interface/Elements/Prefabs/Loaders
  artifactKey: Guid(501ec87ad6737ac45b09013a85d27a17) Importer(815301076,1909f56bfc062723c751e8b465ee728b)
Start importing Assets/Beautiful Interface/Elements/Prefabs/Loaders using Guid(501ec87ad6737ac45b09013a85d27a17) Importer(815301076,1909f56bfc062723c751e8b465ee728b)  -> (artifact id: 'e6be876f51ee66bacae11b3875e82adf') in 0.001069 seconds 
  Import took 0.006463 seconds .

========================================================================
Received Import Request.
  Time since last request: 0.070111 seconds.
  path: Assets/Beautiful Interface/Elements/Prefabs/Loaders/Circle Loader.prefab
  artifactKey: Guid(44a8f36766573e64f80b605d41723633) Importer(815301076,1909f56bfc062723c751e8b465ee728b)
Start importing Assets/Beautiful Interface/Elements/Prefabs/Loaders/Circle Loader.prefab using Guid(44a8f36766573e64f80b605d41723633) Importer(815301076,1909f56bfc062723c751e8b465ee728b)  -> (artifact id: '940bc6544a9b4fab8ec22d09dab262d3') in 0.002657 seconds 
  Import took 0.006676 seconds .

========================================================================
Received Prepare
Registering precompiled user dll's ...
Registered in 0.003481 seconds.
Begin MonoManager ReloadAssembly
Native extension for OSXStandalone target not found
Native extension for WebGL target not found
Refreshing native plugins compatible for Editor in 0.68 ms, found 3 plugins.
Preloading 0 native plugins for Editor in 0.00 ms.
Can't find custom attr constructor image: /Users/georgliljenberghalstrom/New Unity Project (1)/Library/PackageCache/com.unity.ads@3.4.4/Editor/UnityEditor.Advertisements.dll mtoken: 0x0a00000f due to:  assembly:/Applications/Unity/Hub/Editor/2020.3.18f1/Unity.app/Contents/Managed/UnityEngine/UnityEngine.CoreModule.dll type:UnityAPICompatibilityVersionAttribute member:void {0}(string,string[]) signature:.ctor
Can't find custom attr constructor image: /Users/georgliljenberghalstrom/New Unity Project (1)/Library/PackageCache/com.unity.ads@3.4.4/Editor/UnityEditor.Advertisements.dll mtoken: 0x0a00000f due to:  assembly:/Applications/Unity/Hub/Editor/2020.3.18f1/Unity.app/Contents/Managed/UnityEngine/UnityEngine.CoreModule.dll type:UnityAPICompatibilityVersionAttribute member:void {0}(string,string[]) signature:.ctor
Mono: successfully reloaded assembly
- Completed reload, in  2.259 seconds
Domain Reload Profiling:
	ReloadAssembly (2260ms)
		BeginReloadAssembly (251ms)
			ExecutionOrderSort (0ms)
			DisableScriptedObjects (38ms)
			BackupInstance (0ms)
			ReleaseScriptingObjects (0ms)
			CreateAndSetChildDomain (106ms)
		EndReloadAssembly (1910ms)
			LoadAssemblies (165ms)
			RebuildTransferFunctionScriptingTraits (0ms)
			SetupTypeCache (374ms)
			ReleaseScriptCaches (1ms)
			RebuildScriptCaches (62ms)
			SetupLoadedEditorAssemblies (1041ms)
				LogAssemblyErrors (0ms)
				InitializePlatformSupportModulesInManaged (18ms)
				SetLoadedEditorAssemblies (2ms)
				RefreshPlugins (1ms)
				BeforeProcessingInitializeOnLoad (169ms)
				ProcessInitializeOnLoadAttributes (827ms)
				ProcessInitializeOnLoadMethodAttributes (23ms)
				AfterProcessingInitializeOnLoad (1ms)
				EditorAssembliesLoaded (0ms)
			ExecutionOrderSort2 (0ms)
			AwakeInstancesAfterBackupRestoration (40ms)
Platform modules already initialized, skipping
Refreshing native plugins compatible for Editor in 0.54 ms, found 3 plugins.
Preloading 0 native plugins for Editor in 0.00 ms.
Unloading 2481 Unused Serialized files (Serialized files now loaded: 0)
System memory in use before: 215.4 MB.
System memory in use after: 215.6 MB.

Unloading 101 unused Assets to reduce memory usage. Loaded Objects now: 2972.
Total: 3.337333 ms (FindLiveObjects: 0.172333 ms CreateObjectMapping: 0.053250 ms MarkObjects: 3.052375 ms  DeleteObjects: 0.057375 ms)

AssetImportParameters requested are different than current active one (requested -> active):
  custom:video-decoder-ogg-theora: a1e56fd34408186e4bbccfd4996cb3dc -> 
  custom:container-muxer-webm: aa71ff27fc2769a1b78a27578f13a17b -> 
  custom:container-demuxer-webm: 4f35f7cbe854078d1ac9338744f61a02 -> 
  custom:container-demuxer-ogg: 62fdf1f143b41e24485cea50d1cbac27 -> 
  custom:video-encoder-webm-vp8: eb34c28f22e8b96e1ab97ce403110664 -> 
  custom:framework-osx-AVFoundation: e770b220cccbd017edd2c1fefb359320 -> 
  custom:video-decoder-webm-vp8: 9c59270c3fd7afecdb556c50c9e8de78 -> 
  custom:audio-decoder-ogg-vorbis: bf7c407c2cedff20999df2af8eb42d56 -> 
  custom:audio-encoder-webm-vorbis: bf7c407c2cedff20999df2af8eb42d56 -> 
